{
  "RSpec": {
    "coverage": {
      "/Users/kerrimcmahon/Documents/full-time/bookmark-manager/spec/bookmark_spec.rb": {
        "lines": [
          1,
          null,
          1,
          1,
          1,
          1,
          null,
          null,
          null
        ]
      },
      "/Users/kerrimcmahon/Documents/full-time/bookmark-manager/spec/features/list_spec.rb": {
        "lines": [
          1,
          1,
          1,
          1,
          null,
          1,
          null,
          null,
          1,
          1,
          null,
          1,
          1,
          1,
          null,
          null
        ]
      }
    },
    "timestamp": 1618928200
  }
}
